2024-06-14 17:38:49,911 DEBUG    root            Loaded Command Group: ['gcloud', 'components']
2024-06-14 17:38:49,914 DEBUG    root            Loaded Command Group: ['gcloud', 'components', 'update']
2024-06-14 17:38:49,916 DEBUG    root            Running [gcloud.components.update] with arguments: [--quiet: "True", COMPONENT-IDS:8: "['gcloud', 'core', 'bq', 'gsutil', 'compute', 'preview', 'alpha', 'beta']"]
2024-06-14 17:38:49,917 INFO     ___FILE_ONLY___ Beginning update. This process may take several minutes.

2024-06-14 17:38:49,925 DEBUG    urllib3.connectionpool Starting new HTTPS connection (1): dl.google.com:443
2024-06-14 17:38:49,987 DEBUG    urllib3.connectionpool https://dl.google.com:443 "GET /dl/cloudsdk/channels/rapid/components-2.json HTTP/1.1" 200 222658
2024-06-14 17:38:50,009 WARNING  root            Component [preview] no longer exists.
2024-06-14 17:38:50,009 WARNING  root            Component [compute] no longer exists.
2024-06-14 17:38:50,010 INFO     ___FILE_ONLY___ 

2024-06-14 17:38:50,011 INFO     ___FILE_ONLY___ 
Your current Google Cloud CLI version is: 480.0.0

2024-06-14 17:38:50,011 INFO     ___FILE_ONLY___ Installing components from version: 480.0.0

2024-06-14 17:38:50,011 INFO     ___FILE_ONLY___ 

2024-06-14 17:38:50,011 DEBUG    root            Chosen display Format:table[box,title="These components will be removed."](details.display_name:label=Name:align=left,version.version_string:label=Version:align=right,data.size.size(zero="",min=1048576):label=Size:align=right)
2024-06-14 17:38:50,012 DEBUG    root            Chosen display Format:table[box,title="These components will be updated."](details.display_name:label=Name:align=left,version.version_string:label=Version:align=right,data.size.size(zero="",min=1048576):label=Size:align=right)
2024-06-14 17:38:50,013 DEBUG    root            Chosen display Format:table[box,title="These components will be installed."](details.display_name:label=Name:align=left,version.version_string:label=Version:align=right,data.size.size(zero="",min=1048576):label=Size:align=right)
2024-06-14 17:38:50,050 INFO     ___FILE_ONLY___ ┌──────────────────────────────────────────────┐
2024-06-14 17:38:50,050 INFO     ___FILE_ONLY___ 

2024-06-14 17:38:50,050 INFO     ___FILE_ONLY___ │     These components will be installed.      │
2024-06-14 17:38:50,050 INFO     ___FILE_ONLY___ 

2024-06-14 17:38:50,051 INFO     ___FILE_ONLY___ ├───────────────────────┬────────────┬─────────┤
2024-06-14 17:38:50,051 INFO     ___FILE_ONLY___ 

2024-06-14 17:38:50,051 INFO     ___FILE_ONLY___ │          Name         │  Version   │   Size  │
2024-06-14 17:38:50,051 INFO     ___FILE_ONLY___ 

2024-06-14 17:38:50,051 INFO     ___FILE_ONLY___ ├───────────────────────┼────────────┼─────────┤
2024-06-14 17:38:50,051 INFO     ___FILE_ONLY___ 

2024-06-14 17:38:50,051 INFO     ___FILE_ONLY___ │ 
2024-06-14 17:38:50,051 INFO     ___FILE_ONLY___ gcloud Alpha Commands
2024-06-14 17:38:50,051 INFO     ___FILE_ONLY___  
2024-06-14 17:38:50,051 INFO     ___FILE_ONLY___ │ 
2024-06-14 17:38:50,051 INFO     ___FILE_ONLY___ 2024.06.07
2024-06-14 17:38:50,051 INFO     ___FILE_ONLY___  
2024-06-14 17:38:50,051 INFO     ___FILE_ONLY___ │ 
2024-06-14 17:38:50,051 INFO     ___FILE_ONLY___ < 1 MiB
2024-06-14 17:38:50,052 INFO     ___FILE_ONLY___  
2024-06-14 17:38:50,052 INFO     ___FILE_ONLY___ │
2024-06-14 17:38:50,052 INFO     ___FILE_ONLY___ 

2024-06-14 17:38:50,052 INFO     ___FILE_ONLY___ │ 
2024-06-14 17:38:50,052 INFO     ___FILE_ONLY___ gcloud Beta Commands 
2024-06-14 17:38:50,052 INFO     ___FILE_ONLY___  
2024-06-14 17:38:50,052 INFO     ___FILE_ONLY___ │ 
2024-06-14 17:38:50,052 INFO     ___FILE_ONLY___ 2024.06.07
2024-06-14 17:38:50,052 INFO     ___FILE_ONLY___  
2024-06-14 17:38:50,052 INFO     ___FILE_ONLY___ │ 
2024-06-14 17:38:50,052 INFO     ___FILE_ONLY___ < 1 MiB
2024-06-14 17:38:50,052 INFO     ___FILE_ONLY___  
2024-06-14 17:38:50,052 INFO     ___FILE_ONLY___ │
2024-06-14 17:38:50,052 INFO     ___FILE_ONLY___ 

2024-06-14 17:38:50,052 INFO     ___FILE_ONLY___ └───────────────────────┴────────────┴─────────┘
2024-06-14 17:38:50,053 INFO     ___FILE_ONLY___ 

2024-06-14 17:38:50,053 INFO     ___FILE_ONLY___ 

2024-06-14 17:38:50,057 DEBUG    urllib3.connectionpool Starting new HTTPS connection (1): dl.google.com:443
2024-06-14 17:38:50,121 DEBUG    urllib3.connectionpool https://dl.google.com:443 "GET /dl/cloudsdk/channels/rapid/RELEASE_NOTES HTTP/1.1" 200 1228039
2024-06-14 17:38:50,198 INFO     ___FILE_ONLY___ For the latest full release notes, please visit:
  https://cloud.google.com/sdk/release_notes


2024-06-14 17:38:50,201 INFO     ___FILE_ONLY___ ╔════════════════════════════════════════════════════════════╗

2024-06-14 17:38:50,201 INFO     ___FILE_ONLY___ ╠═ Creating update staging area                             ═╣

2024-06-14 17:38:50,201 INFO     ___FILE_ONLY___ ╚
2024-06-14 17:38:50,201 INFO     ___FILE_ONLY___ ══════
2024-06-14 17:38:50,974 INFO     ___FILE_ONLY___ ══════
2024-06-14 17:38:50,974 INFO     ___FILE_ONLY___ ══════
2024-06-14 17:38:51,465 INFO     ___FILE_ONLY___ ═
2024-06-14 17:38:51,534 INFO     ___FILE_ONLY___ ═
2024-06-14 17:38:51,615 INFO     ___FILE_ONLY___ ═
2024-06-14 17:38:51,686 INFO     ___FILE_ONLY___ ═
2024-06-14 17:38:51,756 INFO     ___FILE_ONLY___ ═
2024-06-14 17:38:51,825 INFO     ___FILE_ONLY___ ═
2024-06-14 17:38:51,911 INFO     ___FILE_ONLY___ ═
2024-06-14 17:38:51,965 INFO     ___FILE_ONLY___ ═
2024-06-14 17:38:52,042 INFO     ___FILE_ONLY___ ═
2024-06-14 17:38:52,098 INFO     ___FILE_ONLY___ ═
2024-06-14 17:38:52,150 INFO     ___FILE_ONLY___ ═
2024-06-14 17:38:52,206 INFO     ___FILE_ONLY___ ═
2024-06-14 17:38:52,279 INFO     ___FILE_ONLY___ ═
2024-06-14 17:38:52,346 INFO     ___FILE_ONLY___ ═
2024-06-14 17:38:52,416 INFO     ___FILE_ONLY___ ═
2024-06-14 17:38:52,481 INFO     ___FILE_ONLY___ ═
2024-06-14 17:38:52,546 INFO     ___FILE_ONLY___ ═
2024-06-14 17:38:52,611 INFO     ___FILE_ONLY___ ═
2024-06-14 17:38:52,672 INFO     ___FILE_ONLY___ ═
2024-06-14 17:38:52,841 INFO     ___FILE_ONLY___ ═
2024-06-14 17:38:52,917 INFO     ___FILE_ONLY___ ═
2024-06-14 17:38:53,004 INFO     ___FILE_ONLY___ ═
2024-06-14 17:38:53,071 INFO     ___FILE_ONLY___ ═
2024-06-14 17:38:53,153 INFO     ___FILE_ONLY___ ═
2024-06-14 17:38:53,255 INFO     ___FILE_ONLY___ ═
2024-06-14 17:38:53,331 INFO     ___FILE_ONLY___ ═
2024-06-14 17:38:53,485 INFO     ___FILE_ONLY___ ═
2024-06-14 17:38:53,562 INFO     ___FILE_ONLY___ ═
2024-06-14 17:38:53,620 INFO     ___FILE_ONLY___ ═
2024-06-14 17:38:53,663 INFO     ___FILE_ONLY___ ═
2024-06-14 17:38:53,706 INFO     ___FILE_ONLY___ ═
2024-06-14 17:38:53,751 INFO     ___FILE_ONLY___ ═
2024-06-14 17:38:53,803 INFO     ___FILE_ONLY___ ═
2024-06-14 17:38:53,848 INFO     ___FILE_ONLY___ ═
2024-06-14 17:38:53,931 INFO     ___FILE_ONLY___ ═
2024-06-14 17:38:54,183 INFO     ___FILE_ONLY___ ═
2024-06-14 17:38:54,361 INFO     ___FILE_ONLY___ ═
2024-06-14 17:38:54,423 INFO     ___FILE_ONLY___ ═
2024-06-14 17:38:54,496 INFO     ___FILE_ONLY___ ═
2024-06-14 17:38:54,556 INFO     ___FILE_ONLY___ ═
2024-06-14 17:38:54,675 INFO     ___FILE_ONLY___ ═
2024-06-14 17:38:54,738 INFO     ___FILE_ONLY___ ═
2024-06-14 17:38:54,739 INFO     ___FILE_ONLY___ ╝

2024-06-14 17:38:57,971 INFO     ___FILE_ONLY___ ╔════════════════════════════════════════════════════════════╗

2024-06-14 17:38:57,972 INFO     ___FILE_ONLY___ ╠═ Installing: gcloud Alpha Commands                        ═╣

2024-06-14 17:38:57,972 INFO     ___FILE_ONLY___ ╚
2024-06-14 17:38:57,976 DEBUG    urllib3.connectionpool Starting new HTTPS connection (1): dl.google.com:443
2024-06-14 17:38:58,038 DEBUG    urllib3.connectionpool https://dl.google.com:443 "GET /dl/cloudsdk/channels/rapid/components/google-cloud-sdk-alpha-20240607152945.tar.gz HTTP/1.1" 200 800
2024-06-14 17:38:58,039 INFO     ___FILE_ONLY___ ══════════════════════════════
2024-06-14 17:38:58,041 INFO     ___FILE_ONLY___ ══════════════════════════════
2024-06-14 17:38:58,041 INFO     ___FILE_ONLY___ ╝

2024-06-14 17:38:58,050 INFO     ___FILE_ONLY___ ╔════════════════════════════════════════════════════════════╗

2024-06-14 17:38:58,050 INFO     ___FILE_ONLY___ ╠═ Installing: gcloud Beta Commands                         ═╣

2024-06-14 17:38:58,050 INFO     ___FILE_ONLY___ ╚
2024-06-14 17:38:58,054 DEBUG    urllib3.connectionpool Starting new HTTPS connection (1): dl.google.com:443
2024-06-14 17:38:58,113 DEBUG    urllib3.connectionpool https://dl.google.com:443 "GET /dl/cloudsdk/channels/rapid/components/google-cloud-sdk-beta-20240607152945.tar.gz HTTP/1.1" 200 797
2024-06-14 17:38:58,114 INFO     ___FILE_ONLY___ ══════════════════════════════
2024-06-14 17:38:58,115 INFO     ___FILE_ONLY___ ══════════════════════════════
2024-06-14 17:38:58,115 INFO     ___FILE_ONLY___ ╝

2024-06-14 17:38:58,124 INFO     ___FILE_ONLY___ ╔════════════════════════════════════════════════════════════╗

2024-06-14 17:38:58,124 INFO     ___FILE_ONLY___ ╠═ Creating backup and activating new installation          ═╣

2024-06-14 17:38:58,124 INFO     ___FILE_ONLY___ ╚
2024-06-14 17:38:58,124 DEBUG    root            Attempting to move directory [/tools/google-cloud-sdk] to [/tools/google-cloud-sdk.staging/.install/.backup]
2024-06-14 17:38:58,124 INFO     ___FILE_ONLY___ ══════════════════════════════
2024-06-14 17:38:58,125 DEBUG    root            Attempting to move directory [/tools/google-cloud-sdk.staging] to [/tools/google-cloud-sdk]
2024-06-14 17:38:58,125 INFO     ___FILE_ONLY___ ══════════════════════════════
2024-06-14 17:38:58,125 INFO     ___FILE_ONLY___ ╝

2024-06-14 17:38:58,129 DEBUG    root            Updating notification cache...
2024-06-14 17:38:58,131 INFO     ___FILE_ONLY___ 

2024-06-14 17:38:58,133 INFO     ___FILE_ONLY___ Performing post processing steps...
2024-06-14 17:38:58,133 DEBUG    root            Executing command: ['/tools/google-cloud-sdk/bin/gcloud', 'components', 'post-process']
2024-06-14 17:39:09,122 DEBUG    ___FILE_ONLY___ 
2024-06-14 17:39:09,122 DEBUG    ___FILE_ONLY___ 
2024-06-14 17:39:09,150 INFO     ___FILE_ONLY___ 
Update done!


2024-06-14 17:39:09,153 DEBUG    root            Chosen display Format:none
2024-06-14 17:39:09,154 INFO     root            Display format: "none"
